<?xml version="1.0" encoding="UTF-8"?>
<!-- Generated by org.testng.reporters.JUnitXMLReporter -->
<testsuite ignored="2" hostname="LAPTOP-HHQR007F" failures="0" tests="1" name="Test(failed)" time="0.156" errors="0" timestamp="2023-01-19T22:55:59 IST">
  <testcase classname="testNGPack.Demo" name="demo2" time="0.021"/>
  <testcase classname="testNGPack.Demo" name="demo" time="0.0">
    <ignored/>
  </testcase> <!-- demo -->
  <testcase classname="testNGPack.Demo" name="demo1" time="0.0">
    <ignored/>
  </testcase> <!-- demo1 -->
</testsuite> <!-- Test(failed) -->
